<?xml version="1.0" encoding="UTF-8"?>
<!-- Generated by org.testng.reporters.JUnitReportReporter -->
<testsuite hostname="DESKTOP-MOK7TM7" failures="1" tests="1" name="stepdefinitions1.Testrunner1" time="7.868" errors="0" timestamp="2024-04-11T13:55:27 IST" skipped="0">
  <testcase classname="stepdefinitions1.Testrunner1" name="runScenario" time="7.868">
    <failure message="valid login expected [https://www.facebook.com] but found [https://www.facebook.com/login/?privacy_mutation_token=eyJ0eXBlIjowLCJjcmVhdGlvbl90aW1lIjoxNzEyODIzOTIzLCJjYWxsc2l0ZV9pZCI6MzgxMjI5MDc5NTc1OTQ2fQ%3D%3D]" type="java.lang.AssertionError">
      <![CDATA[java.lang.AssertionError: valid login expected [https://www.facebook.com] but found [https://www.facebook.com/login/?privacy_mutation_token=eyJ0eXBlIjowLCJjcmVhdGlvbl90aW1lIjoxNzEyODIzOTIzLCJjYWxsc2l0ZV9pZCI6MzgxMjI5MDc5NTc1OTQ2fQ%3D%3D]
at org.testng.Assert.fail(Assert.java:110)
at org.testng.Assert.failNotEquals(Assert.java:1577)
at org.testng.Assert.assertEqualsImpl(Assert.java:149)
at org.testng.Assert.assertEquals(Assert.java:131)
at org.testng.Assert.assertEquals(Assert.java:655)
at stepdefinitions1.Loginsteps.user_is_naviagted_to_the_home_page(Loginsteps.java:44)
at âœ½.user is naviagted to the home page(file:///C:/Users/Admin/eclipse-workspace/Cucumber/src/test/resources/Features/login1.feature:8)
]]>
    </failure>
  </testcase> <!-- runScenario -->
  <system-out/>
</testsuite> <!-- stepdefinitions1.Testrunner1 -->
